[debug] [2022-06-06T09:04:45.716Z] ----------------------------------------------------------------------
[debug] [2022-06-06T09:04:45.718Z] Command:       C:\Program Files\nodejs\node.exe C:\Users\ASUS\AppData\Roaming\npm\node_modules\firebase-tools\lib\bin\firebase.js deploy
[debug] [2022-06-06T09:04:45.718Z] CLI Version:   11.0.1
[debug] [2022-06-06T09:04:45.718Z] Platform:      win32
[debug] [2022-06-06T09:04:45.718Z] Node Version:  v16.13.1
[debug] [2022-06-06T09:04:45.719Z] Time:          Mon Jun 06 2022 15:04:45 GMT+0600 (Bangladesh Standard Time)
[debug] [2022-06-06T09:04:45.719Z] ----------------------------------------------------------------------
[debug] 
[debug] [2022-06-06T09:04:45.772Z] > command requires scopes: ["email","openid","https://www.googleapis.com/auth/cloudplatformprojects.readonly","https://www.googleapis.com/auth/firebase","https://www.googleapis.com/auth/cloud-platform"]
[debug] [2022-06-06T09:04:45.773Z] > authorizing via signed-in user (www.faysal731@gmail.com)
[debug] [2022-06-06T09:04:45.773Z] [iam] checking project independent-service-prov-f1a49 for permissions ["firebase.projects.get","firebasehosting.sites.update"]
[debug] [2022-06-06T09:04:45.775Z] >>> [apiv2][query] POST https://cloudresourcemanager.googleapis.com/v1/projects/independent-service-prov-f1a49:testIamPermissions [none]
[debug] [2022-06-06T09:04:45.775Z] >>> [apiv2][body] POST https://cloudresourcemanager.googleapis.com/v1/projects/independent-service-prov-f1a49:testIamPermissions {"permissions":["firebase.projects.get","firebasehosting.sites.update"]}
[debug] [2022-06-06T09:04:47.577Z] <<< [apiv2][status] POST https://cloudresourcemanager.googleapis.com/v1/projects/independent-service-prov-f1a49:testIamPermissions 200
[debug] [2022-06-06T09:04:47.578Z] <<< [apiv2][body] POST https://cloudresourcemanager.googleapis.com/v1/projects/independent-service-prov-f1a49:testIamPermissions {"permissions":["firebase.projects.get","firebasehosting.sites.update"]}
[debug] [2022-06-06T09:04:47.579Z] >>> [apiv2][query] GET https://firebase.googleapis.com/v1beta1/projects/independent-service-prov-f1a49 [none]
[debug] [2022-06-06T09:04:49.352Z] <<< [apiv2][status] GET https://firebase.googleapis.com/v1beta1/projects/independent-service-prov-f1a49 200
[debug] [2022-06-06T09:04:49.352Z] <<< [apiv2][body] GET https://firebase.googleapis.com/v1beta1/projects/independent-service-prov-f1a49 {"projectId":"independent-service-prov-f1a49","projectNumber":"408419015402","displayName":"independent-service-provider","name":"projects/independent-service-prov-f1a49","resources":{"hostingSite":"independent-service-prov-f1a49"},"state":"ACTIVE"}
[info] 
[info] === Deploying to 'independent-service-prov-f1a49'...
[info] 
[info] i  deploying hosting 
[debug] [2022-06-06T09:04:49.356Z] >>> [apiv2][query] GET https://firebase.googleapis.com/v1beta1/projects/independent-service-prov-f1a49 [none]
[debug] [2022-06-06T09:04:49.899Z] <<< [apiv2][status] GET https://firebase.googleapis.com/v1beta1/projects/independent-service-prov-f1a49 200
[debug] [2022-06-06T09:04:49.899Z] <<< [apiv2][body] GET https://firebase.googleapis.com/v1beta1/projects/independent-service-prov-f1a49 {"projectId":"independent-service-prov-f1a49","projectNumber":"408419015402","displayName":"independent-service-provider","name":"projects/independent-service-prov-f1a49","resources":{"hostingSite":"independent-service-prov-f1a49"},"state":"ACTIVE"}
[debug] [2022-06-06T09:04:49.900Z] >>> [apiv2][query] POST https://firebasehosting.googleapis.com/v1beta1/projects/408419015402/sites/independent-service-prov-f1a49/versions [none]
[debug] [2022-06-06T09:04:49.900Z] >>> [apiv2][body] POST https://firebasehosting.googleapis.com/v1beta1/projects/408419015402/sites/independent-service-prov-f1a49/versions {"config":{"rewrites":[{"glob":"**","path":"/index.html"}]},"labels":{"deployment-tool":"cli-firebase"}}
[debug] [2022-06-06T09:04:52.251Z] <<< [apiv2][status] POST https://firebasehosting.googleapis.com/v1beta1/projects/408419015402/sites/independent-service-prov-f1a49/versions 200
[debug] [2022-06-06T09:04:52.251Z] <<< [apiv2][body] POST https://firebasehosting.googleapis.com/v1beta1/projects/408419015402/sites/independent-service-prov-f1a49/versions {"name":"projects/408419015402/sites/independent-service-prov-f1a49/versions/7cf003321962b232","status":"CREATED","config":{"rewrites":[{"glob":"**","path":"/index.html"}]},"labels":{"deployment-tool":"cli-firebase"}}
[info] i  hosting[independent-service-prov-f1a49]: beginning deploy... 
[info] i  hosting[independent-service-prov-f1a49]: found 20 files in build 
[debug] [2022-06-06T09:04:52.260Z] [hosting] uploading with 200 concurrency
[debug] [2022-06-06T09:04:52.264Z] [hosting] hash cache [YnVpbGQ] stored for 20 files
[debug] [2022-06-06T09:04:52.264Z] [hosting][hash queue][FINAL] {"max":2,"min":1,"avg":1,"active":0,"complete":20,"success":20,"errored":0,"retried":0,"total":20,"elapsed":3}
[debug] [2022-06-06T09:04:52.264Z] >>> [apiv2][query] POST https://firebasehosting.googleapis.com/v1beta1/projects/408419015402/sites/independent-service-prov-f1a49/versions/7cf003321962b232:populateFiles [none]
[debug] [2022-06-06T09:04:52.264Z] >>> [apiv2][body] POST https://firebasehosting.googleapis.com/v1beta1/projects/408419015402/sites/independent-service-prov-f1a49/versions/7cf003321962b232:populateFiles {"files":{"/asset-manifest.json":"9e47cec8ce14e42def33f2ba40f5d2181c3b126b0a0392cd990fb747c89652e4","/favicon.ico":"d67800e085d27068ab4b7e45ae620a3572ec93497e2d7938c90b316b8b21f25e","/index.html":"9fa76410f2b76144c44093bd7e9e512f19e268b90447334f4cbb374ae950ca24","/logo192.png":"3ee59515172ee198f3be375979df15ac5345183e656720a381b8872b2a39dc8b","/logo512.png":"ee7e2f3fdb8209c4b6fd7bef6ba50d1b9dba30a25bb5c3126df057e1cb6f5331","/manifest.json":"aff3449bdc238776f5d6d967f19ec491b36aed5fb7f23ccff6500736fd58494a","/robots.txt":"bfe106a3fb878dc83461c86818bf74fc1bdc7f28538ba613cd3e775516ce8b49","/servicesdata.json":"5d484977efeeffc9064b80c098e25c201b1ced6ac9f8b619506ddd7dcdcbe04b","/static/css/main.18b4b21a.css":"d4f8186cf1773be6eef36c52afae65bf3ab1e4ab6a29983413abdb80178047f0","/static/css/main.18b4b21a.css.map":"edd0ec3e7a220731ba8ded1cbdb33b3d090561255b04d14b4528bb8d92a73a36","/static/js/787.ee3a85c2.chunk.js":"3622281d135d14fb4f2b83f675b31fb1c5b179c3283113d1a86d4c4dbc97cd82","/static/js/787.ee3a85c2.chunk.js.map":"8f605fa93b8ac2f0503b01caee536d8873fa4fc61f9b2c8300feaf87306e08db","/static/js/main.a02e7ec5.js":"010b3ec95e3e7d99851438afbc704a8c69385cc9b71be042b6901061b98ac5ec","/static/js/main.a02e7ec5.js.LICENSE.txt":"980850d0c97fc4da1718320dcc140b4bafb239b14275f3a5d9640098e064ab8a","/static/js/main.a02e7ec5.js.map":"c26879138079e1cda56248c60b3f3bf491418ca2d1d2959c6dd8efb9bc331619","/static/media/banner1.39e8641e92eebb7325e0.png":"1a3a4de7c66f24f0a1162074b9fa23d43ba84d8769417c9fc0af29ecdd60130e","/static/media/banner2.c3f05bcbed9756818d2b.png":"518b6394eefd1175f8c087519ef00d62006759fd84bfb3a6251fca7bd9cdb57a","/static/media/banner3.bc18bd5725caec0115d6.png":"1ca3c722d5dec5f12a4b6d69f7cc7c939d65382e300f9e585ea9a3f0b7d2e235","/static/media/faysal .e6e364c1af64dbc2b07e.png":"d3ffe884dbfacae402db6b1c643a7395e877b00016dbf20bd0f6c3790836f7fe","/static/media/funny404error-page.bdac64178590d75635b1.png":"1041cf694a21e4bd07a37bdfd47080f92ac0e531876ef66bf0ff1ce8100a8dc5"}}
[debug] [2022-06-06T09:05:57.907Z] ----------------------------------------------------------------------
[debug] [2022-06-06T09:05:57.908Z] Command:       C:\Program Files\nodejs\node.exe C:\Users\ASUS\AppData\Roaming\npm\node_modules\firebase-tools\lib\bin\firebase.js deploy
[debug] [2022-06-06T09:05:57.909Z] CLI Version:   11.0.1
[debug] [2022-06-06T09:05:57.909Z] Platform:      win32
[debug] [2022-06-06T09:05:57.909Z] Node Version:  v16.13.1
[debug] [2022-06-06T09:05:57.910Z] Time:          Mon Jun 06 2022 15:05:57 GMT+0600 (Bangladesh Standard Time)
[debug] [2022-06-06T09:05:57.910Z] ----------------------------------------------------------------------
[debug] 
[debug] [2022-06-06T09:05:57.962Z] > command requires scopes: ["email","openid","https://www.googleapis.com/auth/cloudplatformprojects.readonly","https://www.googleapis.com/auth/firebase","https://www.googleapis.com/auth/cloud-platform"]
[debug] [2022-06-06T09:05:57.963Z] > authorizing via signed-in user (www.faysal731@gmail.com)
[debug] [2022-06-06T09:05:57.963Z] [iam] checking project independent-service-prov-f1a49 for permissions ["firebase.projects.get","firebasehosting.sites.update"]
[debug] [2022-06-06T09:05:57.965Z] >>> [apiv2][query] POST https://cloudresourcemanager.googleapis.com/v1/projects/independent-service-prov-f1a49:testIamPermissions [none]
[debug] [2022-06-06T09:05:57.965Z] >>> [apiv2][body] POST https://cloudresourcemanager.googleapis.com/v1/projects/independent-service-prov-f1a49:testIamPermissions {"permissions":["firebase.projects.get","firebasehosting.sites.update"]}
[debug] [2022-06-06T09:06:08.488Z] <<< [apiv2][status] POST https://cloudresourcemanager.googleapis.com/v1/projects/independent-service-prov-f1a49:testIamPermissions 200
[debug] [2022-06-06T09:06:08.488Z] <<< [apiv2][body] POST https://cloudresourcemanager.googleapis.com/v1/projects/independent-service-prov-f1a49:testIamPermissions {"permissions":["firebase.projects.get","firebasehosting.sites.update"]}
[debug] [2022-06-06T09:06:08.489Z] >>> [apiv2][query] GET https://firebase.googleapis.com/v1beta1/projects/independent-service-prov-f1a49 [none]
